<?xml version="1.0" encoding="UTF-8"?>
<testsuite name="br.com.dio.desafioreactor.Question2Test" tests="2" skipped="0" failures="0" errors="0" timestamp="2025-08-07T19:36:19" hostname="fkamag-IdeaPad-3-15IML05" time="0.385">
  <properties/>
  <testcase name="hasXAdmins()" classname="br.com.dio.desafioreactor.Question2Test" time="0.27"/>
  <testcase name="hasNoAdmin()" classname="br.com.dio.desafioreactor.Question2Test" time="0.112"/>
  <system-out><![CDATA[]]></system-out>
  <system-err><![CDATA[]]></system-err>
</testsuite>
